2021-04-06 09:29:19.332 [t1] DEBUG Runnable - running
2021-04-06 09:29:25.763 [main] DEBUG Callable - KHighness
2021-04-06 09:35:50.651 [main] DEBUG PC - CPU => [12]
2021-04-06 09:35:50.653 [main] DEBUG PC - totalMemory => [255328256]
2021-04-06 09:35:50.653 [main] DEBUG PC - maxMemory => [3763863552]
2021-04-06 10:03:45.241 [t1] DEBUG Callable - running
2021-04-06 10:03:45.243 [main] DEBUG Callable - KHighness
2021-04-06 11:46:00.291 [t1] DEBUG Callable - running
2021-04-06 11:46:00.294 [main] DEBUG Callable - KHighness
2021-04-06 14:38:59.977 [main] DEBUG ThreadAPI - do other things
2021-04-06 14:38:59.977 [t1] DEBUG ThreadAPI - running
2021-04-06 14:41:36.962 [main] DEBUG ThreadAPI - do other things
2021-04-06 14:41:36.962 [t1] DEBUG ThreadAPI - running
2021-04-06 14:46:10.579 [main] DEBUG ThreadAPI - t1 => [NEW]
2021-04-06 14:46:10.582 [main] DEBUG ThreadAPI - t1 => [RUNNABLE]
2021-04-06 14:46:10.582 [t1] DEBUG ThreadAPI - running
2021-04-06 15:26:36.084 [main] DEBUG ThreadAPI - t1 => [RUNNABLE]
2021-04-06 15:26:36.592 [main] DEBUG ThreadAPI - t1 => [TIMED_WAITING]
2021-04-06 15:35:25.919 [main] INFO  ThreadAPI - interrupt t1
2021-04-06 15:37:09.958 [t1] DEBUG ThreadAPI - enter sleeping
2021-04-06 15:37:10.963 [main] DEBUG ThreadAPI - interrupt t1
2021-04-06 15:37:10.965 [t1] DEBUG ThreadAPI - wake up
2021-04-06 15:54:47.000 [t1] DEBUG ThreadAPI - enter sleeping
2021-04-06 15:54:48.012 [main] DEBUG ThreadAPI - interrupt t1
2021-04-06 15:54:48.013 [t1] DEBUG ThreadAPI - wake up
2021-04-06 15:55:30.684 [main] DEBUG ThreadAPI - start
2021-04-06 16:12:00.922 [main] DEBUG Join - main thread start
2021-04-06 16:12:00.956 [t1] DEBUG Join - child thread start
2021-04-06 16:12:00.956 [main] DEBUG Join - i => [3]
2021-04-06 16:12:00.957 [main] DEBUG Join - main thread end
2021-04-06 16:12:01.967 [t1] DEBUG Join - child thread end
2021-04-06 16:13:07.201 [main] DEBUG Join - main thread start
2021-04-06 16:13:07.236 [t1] DEBUG Join - child thread start
2021-04-06 16:13:08.247 [t1] DEBUG Join - child thread end
2021-04-06 16:13:08.247 [main] DEBUG Join - i => [9]
2021-04-06 16:13:08.248 [main] DEBUG Join - main thread end
2021-04-06 16:14:53.431 [main] DEBUG Join - main thread start
2021-04-06 16:14:53.461 [t1] DEBUG Join - child thread start
2021-04-06 16:14:54.474 [t1] DEBUG Join - child thread end
2021-04-06 16:14:54.474 [main] DEBUG Join - i => [9]
2021-04-06 16:14:54.475 [main] DEBUG Join - main thread end
2021-04-06 16:16:52.692 [main] DEBUG Join - main thread start
2021-04-06 16:16:52.726 [t1] DEBUG Join - child thread start
2021-04-06 16:16:52.726 [main] DEBUG Join - i => [3]
2021-04-06 16:16:52.727 [main] DEBUG Join - main thread end
2021-04-06 16:16:53.734 [t1] DEBUG Join - child thread end
2021-04-06 16:25:40.698 [main] DEBUG JoinTime - join begin
2021-04-06 16:25:41.708 [main] DEBUG JoinTime - t1 join end
2021-04-06 16:25:42.704 [main] DEBUG JoinTime - t2 join end
2021-04-06 16:25:42.704 [main] DEBUG JoinTime - time cost => [2008]
2021-04-06 16:26:08.747 [main] DEBUG JoinTime - join begin
2021-04-06 16:26:09.752 [main] DEBUG JoinTime - t1 join end
2021-04-06 16:26:10.758 [main] DEBUG JoinTime - t2 join end
2021-04-06 16:26:10.758 [main] DEBUG JoinTime - time cost => [2s]
2021-04-06 18:40:40.156 [t1] DEBUG Interrupt - t1 running
2021-04-06 18:40:41.165 [main] DEBUG Interrupt - interrupt t1
2021-04-06 18:40:41.165 [t1] DEBUG Interrupt - t1 end
2021-04-06 18:40:42.170 [main] DEBUG Interrupt - flag => [false]
2021-04-06 18:53:30.931 [t1] DEBUG Interrupt - sleeping
2021-04-06 18:53:31.937 [main] DEBUG Interrupt - interrupt
2021-04-06 18:53:32.949 [main] DEBUG Interrupt - flag => [false]
2021-04-06 18:55:08.772 [t1] DEBUG Interrupt - t1 running
2021-04-06 18:55:09.785 [main] DEBUG Interrupt - interrupt t1
2021-04-06 18:55:09.785 [t1] DEBUG Interrupt - t1 end
2021-04-06 18:55:10.792 [main] DEBUG Interrupt - flag => [false]
2021-04-06 19:26:38.801 [Thread-0] INFO  TwoStageTermination - 执行监控...
2021-04-06 19:26:39.816 [Thread-0] INFO  TwoStageTermination - 执行监控...
2021-04-06 19:26:40.827 [Thread-0] INFO  TwoStageTermination - 执行监控...
2021-04-06 19:26:41.303 [Thread-0] DEBUG TwoStageTermination - 料理后事
2021-04-06 19:46:04.075 [Thread-0] INFO  TwoStageTermination - 执行监控...
2021-04-06 19:46:05.086 [Thread-0] INFO  TwoStageTermination - 执行监控...
2021-04-06 19:46:06.099 [Thread-0] INFO  TwoStageTermination - 执行监控...
2021-04-06 19:46:06.571 [Thread-0] DEBUG TwoStageTermination - 料理后事
2021-04-06 19:47:28.257 [Thread-0] INFO  TwoStageTermination - 执行监控...
2021-04-06 19:47:29.271 [Thread-0] INFO  TwoStageTermination - 执行监控...
2021-04-06 19:47:30.282 [Thread-0] INFO  TwoStageTermination - 执行监控...
2021-04-06 19:47:30.752 [Thread-0] DEBUG TwoStageTermination - 料理后事
2021-04-06 19:47:44.954 [Thread-0] INFO  TwoStageTermination - 执行监控...
2021-04-06 19:47:45.960 [Thread-0] INFO  TwoStageTermination - 执行监控...
2021-04-06 19:47:46.970 [Thread-0] INFO  TwoStageTermination - 执行监控...
2021-04-06 19:47:47.467 [Thread-0] DEBUG TwoStageTermination - 料理后事
2021-04-06 19:53:21.096 [Thread-0] INFO  TwoStageTermination - 执行监控...
2021-04-06 19:53:22.109 [Thread-0] INFO  TwoStageTermination - 执行监控...
2021-04-06 19:53:23.125 [Thread-0] INFO  TwoStageTermination - 执行监控...
2021-04-06 19:53:23.592 [Thread-0] DEBUG TwoStageTermination - 料理后事
2021-04-06 20:16:06.141 [t1] DEBUG Park - park...
2021-04-06 20:18:33.255 [t1] DEBUG Park - park...
2021-04-06 20:18:33.257 [t1] DEBUG Park - isInterrupted => [false]
2021-04-06 20:18:34.266 [t1] DEBUG Park - unpark...
2021-04-06 20:18:34.266 [t1] DEBUG Park - isInterrupted => [true]
2021-04-06 20:23:08.234 [t1] DEBUG Park - park...
2021-04-06 20:23:08.237 [t1] DEBUG Park - isInterrupted => [false]
2021-04-06 20:23:09.234 [t1] DEBUG Park - unpark...
2021-04-06 20:23:09.234 [t1] DEBUG Park - isInterrupted => [true]
2021-04-06 20:23:09.234 [t1] DEBUG Park - isInterrupted => [false]
2021-04-06 20:23:09.234 [t1] DEBUG Park - unpark...
2021-04-06 20:32:12.211 [t1] DEBUG Park - park...
2021-04-06 20:32:12.213 [t1] DEBUG Park - isInterrupted => [false]
2021-04-06 20:32:13.224 [t1] DEBUG Park - unpark...
2021-04-06 20:32:13.224 [t1] DEBUG Park - isInterrupted => [true]
2021-04-06 20:32:13.225 [t1] DEBUG Park - isInterrupted => [false]
2021-04-06 20:32:13.225 [t1] DEBUG Park - unpark...
2021-04-06 20:34:02.059 [t1] DEBUG Park - park...
2021-04-06 20:34:02.060 [t1] DEBUG Park - isInterrupted => [false]
2021-04-06 20:34:39.784 [t1] DEBUG Park - park...
2021-04-06 20:34:39.786 [t1] DEBUG Park - isInterrupted => [false]
2021-04-06 20:34:40.797 [t1] DEBUG Park - unpark...
2021-04-06 20:34:40.797 [t1] DEBUG Park - isInterrupted => [true]
2021-04-06 20:34:40.797 [t1] DEBUG Park - isInterrupted => [false]
2021-04-06 20:34:40.797 [t1] DEBUG Park - unpark...
2021-04-06 20:44:22.574 [main] DEBUG Demon - main end
2021-04-06 20:46:11.276 [main] DEBUG Demon - main end
2021-04-06 20:47:12.525 [main] DEBUG Demon - main end
2021-04-06 21:51:23.049 [main] DEBUG Daemon - main end
2021-04-06 23:53:04.224 [main] DEBUG Daemon - main end
2021-04-06 23:53:12.160 [main] DEBUG Daemon - main end
2021-04-06 23:53:18.059 [main] DEBUG Daemon - main end
2021-04-06 23:53:30.684 [main] DEBUG Daemon - main end
2021-04-06 23:54:04.239 [t1] DEBUG Daemon - t1 end
2021-04-06 23:54:04.239 [main] DEBUG Daemon - main end
2021-04-06 23:54:20.434 [main] DEBUG Daemon - main end
2021-04-06 23:54:33.120 [main] DEBUG Daemon - main end
2021-04-06 23:54:55.242 [main] DEBUG Daemon - main end
2021-04-06 23:54:55.242 [t1] DEBUG Daemon - t1 end
2021-04-06 23:55:02.956 [main] DEBUG Daemon - main end
