2021-04-18 13:48:11.719 [t1] DEBUG ParkUnpark - start...
2021-04-18 13:48:12.730 [t1] DEBUG ParkUnpark - park...
2021-04-18 13:48:13.725 [main] DEBUG ParkUnpark - unpark...
2021-04-18 13:48:13.725 [t1] DEBUG ParkUnpark - resume...
2021-04-18 18:39:13.111 [t1] DEBUG ParkUnpark - start...
2021-04-18 18:39:14.123 [t1] DEBUG ParkUnpark - park...
2021-04-18 18:39:59.934 [main] DEBUG ParkUnpark - unpark...
2021-04-18 18:39:59.934 [t1] DEBUG ParkUnpark - resume...
2021-04-18 18:40:03.051 [t1] DEBUG ParkUnpark - start...
2021-04-18 18:40:04.050 [main] DEBUG ParkUnpark - unpark...
2021-04-18 18:40:05.062 [t1] DEBUG ParkUnpark - park...
2021-04-18 18:40:05.062 [t1] DEBUG ParkUnpark - resume...
2021-04-18 20:16:20.669 [t1] DEBUG ParkUnpark - start...
2021-04-18 20:16:21.677 [t1] DEBUG ParkUnpark - park...
2021-04-18 20:16:22.671 [main] DEBUG ParkUnpark - unpark...
2021-04-18 20:16:22.671 [t1] DEBUG ParkUnpark - resume...
2021-04-18 20:16:25.869 [t1] DEBUG ParkUnpark - start...
2021-04-18 20:16:26.875 [main] DEBUG ParkUnpark - unpark...
2021-04-18 20:16:27.871 [t1] DEBUG ParkUnpark - park...
2021-04-18 20:16:27.871 [t1] DEBUG ParkUnpark - resume...
2021-04-18 20:17:02.208 [t1] DEBUG ParkUnpark - start...
2021-04-18 20:17:03.222 [t1] DEBUG ParkUnpark - park...
2021-04-18 20:17:04.219 [main] DEBUG ParkUnpark - unpark...
2021-04-18 20:17:04.219 [t1] DEBUG ParkUnpark - resume...
2021-04-18 20:17:08.014 [t1] DEBUG ParkUnpark - start...
2021-04-18 20:17:09.015 [main] DEBUG ParkUnpark - unpark...
2021-04-18 20:17:10.025 [t1] DEBUG ParkUnpark - park...
2021-04-18 20:17:10.025 [t1] DEBUG ParkUnpark - resume...
2021-04-18 20:18:31.953 [t1] DEBUG ParkUnpark - start...
2021-04-18 20:18:32.971 [t1] DEBUG ParkUnpark - park...
2021-04-18 20:18:33.953 [main] DEBUG ParkUnpark - unpark...
2021-04-18 20:18:33.953 [t1] DEBUG ParkUnpark - resume...
2021-04-18 20:18:36.222 [t1] DEBUG ParkUnpark - start...
2021-04-18 20:18:37.231 [main] DEBUG ParkUnpark - unpark...
2021-04-18 20:18:38.227 [t1] DEBUG ParkUnpark - park...
2021-04-18 20:18:38.227 [t1] DEBUG ParkUnpark - resume...
2021-04-18 20:20:53.213 [t1] DEBUG ParkUnpark - start...
2021-04-18 20:20:54.217 [t1] DEBUG ParkUnpark - park...
2021-04-18 20:20:55.226 [main] DEBUG ParkUnpark - unpark...
2021-04-18 20:20:55.226 [t1] DEBUG ParkUnpark - continue...
2021-04-18 20:20:57.756 [t1] DEBUG ParkUnpark - start...
2021-04-18 20:20:58.771 [main] DEBUG ParkUnpark - unpark...
2021-04-18 20:20:59.762 [t1] DEBUG ParkUnpark - park...
2021-04-18 20:20:59.762 [t1] DEBUG ParkUnpark - continue...
