2021-04-07 10:37:04.886 [main] DEBUG Daemon - main end
2021-04-07 10:41:40.278 [main] DEBUG Daemon - main end
2021-04-07 13:21:06.388 [main] DEBUG State - t1 => [RUNNABLE]
2021-04-07 13:21:06.388 [t1] DEBUG State - t1 running...
2021-04-07 13:21:06.388 [t3] DEBUG State - t3 running...
2021-04-07 13:21:06.393 [main] DEBUG State - t2 => [RUNNABLE]
2021-04-07 13:21:06.393 [main] DEBUG State - t3 => [TERMINATED]
2021-04-07 13:21:06.393 [main] DEBUG State - t4 => [TIMED_WAITING]
2021-04-07 13:21:06.393 [main] DEBUG State - t5 => [WAITING]
2021-04-07 13:21:06.393 [main] DEBUG State - t6 => [BLOCKED]
2021-04-07 13:21:28.594 [t3] DEBUG State - t3 running...
2021-04-07 13:21:28.594 [t1] DEBUG State - t1 running...
2021-04-07 13:21:29.104 [main] DEBUG State - t1 => [TERMINATED]
2021-04-07 13:21:29.104 [main] DEBUG State - t2 => [RUNNABLE]
2021-04-07 13:21:29.104 [main] DEBUG State - t3 => [TERMINATED]
2021-04-07 13:21:29.104 [main] DEBUG State - t4 => [TIMED_WAITING]
2021-04-07 13:21:29.104 [main] DEBUG State - t5 => [WAITING]
2021-04-07 13:21:29.104 [main] DEBUG State - t6 => [BLOCKED]
2021-04-07 13:26:05.812 [t3] DEBUG State - t3 running...
2021-04-07 13:26:06.326 [main] DEBUG State - t1 => [NEW]
2021-04-07 13:26:06.326 [main] DEBUG State - t2 => [RUNNABLE]
2021-04-07 13:26:06.326 [main] DEBUG State - t3 => [TERMINATED]
2021-04-07 13:26:06.326 [main] DEBUG State - t4 => [TIMED_WAITING]
2021-04-07 13:26:06.326 [main] DEBUG State - t5 => [WAITING]
2021-04-07 13:26:06.327 [main] DEBUG State - t6 => [BLOCKED]
2021-04-07 16:23:50.704 [t1] DEBUG BoilWaterToMakeTea - 洗水壶
2021-04-07 16:23:50.704 [t2] DEBUG BoilWaterToMakeTea - 洗茶壶
2021-04-07 16:23:50.709 [t1] DEBUG BoilWaterToMakeTea - 烧开水
2021-04-07 16:23:50.709 [t2] DEBUG BoilWaterToMakeTea - 洗茶杯
2021-04-07 16:23:50.711 [t2] DEBUG BoilWaterToMakeTea - 拿茶叶
2021-04-07 16:23:50.713 [t2] DEBUG BoilWaterToMakeTea - 泡茶
2021-04-07 16:32:09.290 [main] DEBUG AddSub - counter = -2546
2021-04-07 17:07:52.746 [main] DEBUG AddSub - counter = 6343
2021-04-07 17:08:56.734 [main] DEBUG AddSub - counter = 10000
2021-04-07 17:10:23.272 [main] DEBUG AddSub - counter = -1645
2021-04-07 17:11:09.742 [main] DEBUG AddSub - counter = 1993
2021-04-07 17:11:18.238 [main] DEBUG AddSub - counter = -60
2021-04-07 18:05:30.396 [main] DEBUG AddSub - counter = -417
2021-04-07 18:28:13.371 [main] DEBUG AddSub - counter = 538
2021-04-07 18:28:34.530 [main] DEBUG AddSub - counter = 0
2021-04-07 18:28:49.180 [main] DEBUG AddSub - counter = -447
2021-04-07 19:24:42.459 [main] DEBUG AddSub - counter = 1067
2021-04-07 19:24:47.078 [main] DEBUG AddSub - counter = -3013
2021-04-07 19:34:46.750 [main] DEBUG BetterAddAndSub - counter = 10000
2021-04-07 19:35:00.636 [main] DEBUG BetterAddAndSub - counter = 0
2021-04-07 20:17:11.541 [A] DEBUG LockTest - begin
2021-04-07 20:17:11.541 [B] DEBUG LockTest - begin
2021-04-07 20:17:11.543 [A] DEBUG Lock - A
2021-04-07 20:17:11.543 [B] DEBUG Lock - B
2021-04-07 20:21:46.919 [A] DEBUG LockTest - begin
2021-04-07 20:21:46.919 [B] DEBUG LockTest - begin
2021-04-07 20:21:46.921 [A] DEBUG Lock - A => [186729971457900]
2021-04-07 20:21:46.923 [B] DEBUG Lock - B => [186729972835800]
2021-04-07 20:21:54.989 [A] DEBUG LockTest - begin
2021-04-07 20:21:54.989 [B] DEBUG LockTest - begin
2021-04-07 20:21:54.992 [A] DEBUG Lock - A => [186738043080700]
2021-04-07 20:21:54.993 [B] DEBUG Lock - B => [186738044263800]
2021-04-07 20:21:59.882 [A] DEBUG LockTest - begin
2021-04-07 20:21:59.882 [B] DEBUG LockTest - begin
2021-04-07 20:21:59.884 [A] DEBUG Lock - A => [186742935461000]
2021-04-07 20:21:59.885 [B] DEBUG Lock - B => [186742936510900]
2021-04-07 20:22:40.162 [B] DEBUG LockTest - begin
2021-04-07 20:22:40.162 [A] DEBUG LockTest - begin
2021-04-07 20:22:40.164 [B] DEBUG Lock - B => [186783214178800]
2021-04-07 20:22:40.165 [A] DEBUG Lock - A => [186783215660800]
2021-04-07 20:23:48.879 [A] DEBUG Lock - A => [186851928780700]
2021-04-07 20:23:48.883 [B] DEBUG Lock - B => [186851933875700]
2021-04-07 20:29:29.565 [A] DEBUG Lock - A => [187192614588100]
2021-04-07 20:29:30.567 [B] DEBUG Lock - B => [187193618549900]
2021-04-07 20:34:41.324 [A] DEBUG Lock - A => [187504373991800]
2021-04-07 20:34:42.334 [B] DEBUG Lock - B => [187505384445300]
2021-04-07 20:34:52.070 [A] DEBUG Lock - A => [187515119600200]
2021-04-07 20:34:53.078 [B] DEBUG Lock - B => [187516128264900]
2021-04-07 20:35:04.373 [A] DEBUG Lock - A => [187527422366700]
2021-04-07 20:35:05.379 [B] DEBUG Lock - B => [187528429719100]
2021-04-07 20:35:54.672 [A] DEBUG Lock - A => [187577721104200]
2021-04-07 20:35:55.679 [B] DEBUG Lock - B => [187578729406600]
2021-04-07 20:36:37.085 [A] DEBUG Lock - A => [187620134729800]
2021-04-07 20:36:37.088 [B] DEBUG Lock - B => [187620138725300]
2021-04-07 20:39:57.760 [A] DEBUG Lock - A => [187820809504600]
2021-04-07 20:39:57.763 [B] DEBUG Lock - B => [187820813664600]
2021-04-07 20:40:08.232 [A] DEBUG Lock - A => [187831280966100]
2021-04-07 20:40:08.235 [B] DEBUG Lock - B => [187831284976600]
2021-04-07 20:40:12.881 [A] DEBUG Lock - A => [187835929948800]
2021-04-07 20:40:12.883 [B] DEBUG Lock - B => [187835934560100]
2021-04-07 20:40:16.830 [A] DEBUG Lock - A => [187839878207300]
2021-04-07 20:40:16.832 [B] DEBUG Lock - B => [187839882722100]
2021-04-07 20:40:21.443 [A] DEBUG Lock - A => [187844492241500]
2021-04-07 20:40:21.446 [B] DEBUG Lock - B => [187844496559500]
2021-04-07 20:40:25.294 [A] DEBUG Lock - A => [187848343575500]
2021-04-07 20:40:25.297 [B] DEBUG Lock - B => [187848347544500]
2021-04-07 20:44:31.428 [C] DEBUG Lock3 - C => [188094477646400]
2021-04-07 20:44:32.438 [A] DEBUG Lock3 - A => [188095488731500]
2021-04-07 20:44:32.438 [B] DEBUG Lock3 - B => [188095489152900]
2021-04-07 20:44:47.671 [A] DEBUG Lock3 - A => [188110719360700]
2021-04-07 20:44:47.671 [C] DEBUG Lock3 - C => [188110720591200]
2021-04-07 20:44:47.673 [B] DEBUG Lock3 - B => [188110723862600]
2021-04-07 20:45:07.100 [C] DEBUG Lock3 - C => [188130149477900]
2021-04-07 20:45:08.103 [A] DEBUG Lock3 - A => [188131153902400]
2021-04-07 20:45:08.103 [B] DEBUG Lock3 - B => [188131154291100]
2021-04-07 20:49:58.204 [C] DEBUG Lock3 - C => [188421252912600]
2021-04-07 20:49:59.207 [A] DEBUG Lock3 - A => [188422257822900]
2021-04-07 20:49:59.207 [B] DEBUG Lock3 - B => [188422258162000]
2021-04-07 20:50:03.713 [C] DEBUG Lock3 - C => [188426761888500]
2021-04-07 20:50:04.718 [A] DEBUG Lock3 - A => [188427768892700]
2021-04-07 20:50:04.718 [B] DEBUG Lock3 - B => [188427769291000]
2021-04-07 20:50:08.422 [C] DEBUG Lock3 - C => [188431469255400]
2021-04-07 20:50:09.428 [A] DEBUG Lock3 - A => [188432478390100]
2021-04-07 20:50:09.428 [B] DEBUG Lock3 - B => [188432478770900]
2021-04-07 20:50:16.881 [C] DEBUG Lock3 - C => [188439931003700]
2021-04-07 20:50:16.881 [B] DEBUG Lock3 - B => [188439930593300]
2021-04-07 20:50:17.886 [A] DEBUG Lock3 - A => [188440936765400]
2021-04-07 20:57:29.275 [B] DEBUG Lock4 - B => [188872324700900]
2021-04-07 20:57:30.290 [A] DEBUG Lock4 - A => [188873340220100]
2021-04-07 21:00:43.770 [A] DEBUG Lock5 - A => [189066819762000]
2021-04-07 21:00:43.773 [B] DEBUG Lock5 - B => [189066824334200]
2021-04-07 21:05:22.201 [A] DEBUG Lock5 - A => [189345250369200]
2021-04-07 21:05:22.204 [B] DEBUG Lock5 - B => [189345254342500]
2021-04-07 21:06:54.564 [B] DEBUG Lock5 - B => [189437612521300]
2021-04-07 21:06:55.566 [A] DEBUG Lock5 - A => [189438616283800]
2021-04-07 21:07:10.711 [B] DEBUG Lock5 - B => [189453760305900]
2021-04-07 21:07:11.714 [A] DEBUG Lock5 - A => [189454764057100]
2021-04-07 21:13:22.564 [A] DEBUG Lock6 - A => [189825612373200]
2021-04-07 21:13:22.567 [B] DEBUG Lock6 - B => [189825617743900]
2021-04-07 21:16:28.168 [A] DEBUG Lock6 - A => [190011217268300]
2021-04-07 21:16:28.175 [B] DEBUG Lock6 - B => [190011225988900]
2021-04-07 21:20:14.577 [B] DEBUG Lock7 - B => [190237627104100]
2021-04-07 21:20:15.586 [A] DEBUG Lock7 - A => [190238636237300]
2021-04-07 21:27:53.973 [A] DEBUG Lock8 - A => [190697022628500]
2021-04-07 21:27:53.975 [B] DEBUG Lock8 - B => [190697026333000]
2021-04-07 21:30:34.675 [A] DEBUG Lock8 - A => [190857724137000]
2021-04-07 21:30:34.677 [B] DEBUG Lock8 - B => [190857727774800]
